<?xml version="1.0" encoding="UTF-8"?>
<!-- Generated by org.testng.reporters.JUnitXMLReporter -->
<testsuite ignored="1" hostname="DESKTOP-M47CIAF" failures="0" tests="8" name="Test" time="29.874" errors="0" timestamp="2024-10-18T16:34:19 IST">
  <testcase classname="testCases.Tc001_Opencart_Registration_Test" name="registrationTest" time="1.435"/>
  <testcase classname="testCases.TC002_Opencart_Login_Test" name="loginTest" time="1.036"/>
  <testcase classname="testCases.TC004_Opencart_RegistrationDDT_Test" name="resgistrationDDTTest" time="2.671"/>
  <testcase classname="testCases.TC004_Opencart_RegistrationDDT_Test" name="resgistrationDDTTest" time="1.969"/>
  <testcase classname="testCases.TC004_Opencart_RegistrationDDT_Test" name="resgistrationDDTTest" time="1.915"/>
  <testcase classname="testCases.TC004_Opencart_RegistrationDDT_Test" name="resgistrationDDTTest" time="1.798"/>
  <testcase classname="testCases.TC004_Opencart_RegistrationDDT_Test" name="resgistrationDDTTest" time="1.767"/>
  <testcase classname="testCases.TC004_Opencart_RegistrationDDT_Test" name="resgistrationDDTTest" time="2.8"/>
  <testcase classname="testCases.TC003_Opencart_LoginDDT_Test" name="loginDDTTest" time="0.0">
    <ignored/>
  </testcase> <!-- loginDDTTest -->
</testsuite> <!-- Test -->
